2020-04-28 12:39:53,680 INFO c.s.s.SafetynetalertsApplication-logStarting [main] Starting SafetynetalertsApplication on UC715467VW7JAV with PID 7132 (C:\Devenv\git\P5\SoftwareAcademy-P5\safetynetalerts\target\classes started by S058601 in C:\Devenv\git\P5\SoftwareAcademy-P5\safetynetalerts)
2020-04-28 12:39:53,879 INFO c.s.s.SafetynetalertsApplication-logStartupProfileInfo [main] No active profile set, falling back to default profiles: default
2020-04-28 12:39:56,294 INFO o.a.c.h.Http11NioProtocol-log [main] Initializing ProtocolHandler ["http-nio-8080"]
2020-04-28 12:39:56,295 INFO o.a.c.c.StandardService-log [main] Starting service [Tomcat]
2020-04-28 12:39:56,296 INFO o.a.c.c.StandardEngine-log [main] Starting Servlet engine: [Apache Tomcat/9.0.33]
2020-04-28 12:39:56,537 INFO o.a.c.c.C.[.[.[/]-log [main] Initializing Spring embedded WebApplicationContext
2020-04-28 12:39:56,629 DEBUG i.m.c.u.i.l.InternalLoggerFactory-newDefaultFactory [main] Using SLF4J as the default logging framework
2020-04-28 12:39:56,837 INFO c.s.s.s.ApplicationStart-postConstruct [main] Start Application
2020-04-28 12:39:56,901 INFO c.s.s.s.ApplicationStart-postConstruct [main] Application started Correctly
2020-04-28 12:39:57,827 INFO o.a.c.h.Http11NioProtocol-log [main] Starting ProtocolHandler ["http-nio-8080"]
2020-04-28 12:39:57,996 INFO o.a.c.h.Http11NioProtocol-log [main] Initializing ProtocolHandler ["http-nio-8090"]
2020-04-28 12:39:57,998 INFO o.a.c.c.StandardService-log [main] Starting service [Tomcat]
2020-04-28 12:39:57,999 INFO o.a.c.c.StandardEngine-log [main] Starting Servlet engine: [Apache Tomcat/9.0.33]
2020-04-28 12:39:58,048 INFO o.a.c.c.C.[.[.[/]-log [main] Initializing Spring embedded WebApplicationContext
2020-04-28 12:39:58,138 INFO o.a.c.h.Http11NioProtocol-log [main] Starting ProtocolHandler ["http-nio-8090"]
2020-04-28 12:39:58,149 INFO c.s.s.SafetynetalertsApplication-logStarted [main] Started SafetynetalertsApplication in 6.969 seconds (JVM running for 12.81)
2020-04-28 12:39:58,579 INFO o.a.c.c.C.[.[.[/]-log [RMI TCP Connection(4)-10.0.2.15] Initializing Spring DispatcherServlet 'dispatcherServlet'
2020-04-28 12:41:07,464 INFO c.s.s.w.c.FirestationController-listOfFirestations [http-nio-8080-exec-2] GET/firestations
2020-04-28 12:41:07,465 INFO c.s.s.w.c.FirestationController-listOfFirestations [http-nio-8080-exec-2] GET /firestations : [Firestation [address=1509 Culver St, station=3], Firestation [address=29 15th St, station=2], Firestation [address=834 Binoc Ave, station=3], Firestation [address=644 Gershwin Cir, station=1], Firestation [address=748 Townings Dr, station=3], Firestation [address=112 Steppes Pl, station=3], Firestation [address=489 Manchester St, station=4], Firestation [address=892 Downing Ct, station=2], Firestation [address=908 73rd St, station=1], Firestation [address=112 Steppes Pl, station=4], Firestation [address=947 E. Rose Dr, station=1], Firestation [address=748 Townings Dr, station=3], Firestation [address=951 LoneTree Rd, station=2]]
2020-04-28 12:42:04,869 INFO c.s.s.w.c.FirestationController-getFirestationByStation [http-nio-8080-exec-3] GET/firestation?stationNumber=1
2020-04-28 12:42:04,893 INFO c.s.s.w.c.FirestationController-getFirestationByStation [http-nio-8080-exec-3] GET /firestation?stationNumber : com.safetynet.safetynetalerts.model.detail.StationNumberInfo@51d7a784
2020-04-28 12:42:53,139 INFO c.s.s.w.c.FirestationController-addFirestation [http-nio-8080-exec-4] POST/firestation=Firestation [address=10 Downing str, station=10]
2020-04-28 12:42:53,140 INFO c.s.s.w.c.FirestationController-addFirestation [http-nio-8080-exec-4] POST /firestation : Firestation [address=10 Downing str, station=10]
2020-04-28 12:43:23,441 INFO c.s.s.w.c.FirestationController-listOfFirestations [http-nio-8080-exec-5] GET/firestations
2020-04-28 12:43:23,442 INFO c.s.s.w.c.FirestationController-listOfFirestations [http-nio-8080-exec-5] GET /firestations : [Firestation [address=1509 Culver St, station=3], Firestation [address=29 15th St, station=2], Firestation [address=834 Binoc Ave, station=3], Firestation [address=644 Gershwin Cir, station=1], Firestation [address=748 Townings Dr, station=3], Firestation [address=112 Steppes Pl, station=3], Firestation [address=489 Manchester St, station=4], Firestation [address=892 Downing Ct, station=2], Firestation [address=908 73rd St, station=1], Firestation [address=112 Steppes Pl, station=4], Firestation [address=947 E. Rose Dr, station=1], Firestation [address=748 Townings Dr, station=3], Firestation [address=951 LoneTree Rd, station=2], Firestation [address=10 Downing str, station=10]]
2020-04-28 12:43:31,198 INFO c.s.s.w.c.FirestationController-modifyFirestation [http-nio-8080-exec-6] PUT/firestation=Firestation [address=10 Downing str, station=9]
2020-04-28 12:43:31,199 INFO c.s.s.w.c.FirestationController-modifyFirestation [http-nio-8080-exec-6] PUT /firestation : Firestation [address=10 Downing str, station=9]
2020-04-28 12:43:41,713 INFO c.s.s.w.c.FirestationController-listOfFirestations [http-nio-8080-exec-7] GET/firestations
2020-04-28 12:43:41,713 INFO c.s.s.w.c.FirestationController-listOfFirestations [http-nio-8080-exec-7] GET /firestations : [Firestation [address=1509 Culver St, station=3], Firestation [address=29 15th St, station=2], Firestation [address=834 Binoc Ave, station=3], Firestation [address=644 Gershwin Cir, station=1], Firestation [address=748 Townings Dr, station=3], Firestation [address=112 Steppes Pl, station=3], Firestation [address=489 Manchester St, station=4], Firestation [address=892 Downing Ct, station=2], Firestation [address=908 73rd St, station=1], Firestation [address=112 Steppes Pl, station=4], Firestation [address=947 E. Rose Dr, station=1], Firestation [address=748 Townings Dr, station=3], Firestation [address=951 LoneTree Rd, station=2], Firestation [address=10 Downing str, station=9]]
2020-04-28 12:43:56,552 INFO c.s.s.w.c.FirestationController-deleteFirestation [http-nio-8080-exec-8] Delete/firestation=Firestation [address=10 Downing str, station=9]
2020-04-28 12:43:56,553 INFO c.s.s.w.c.FirestationController-deleteFirestation [http-nio-8080-exec-8] Delete /firestation NB firstation deleted: 1
2020-04-28 12:44:06,907 INFO c.s.s.w.c.FirestationController-listOfFirestations [http-nio-8080-exec-9] GET/firestations
2020-04-28 12:44:06,910 INFO c.s.s.w.c.FirestationController-listOfFirestations [http-nio-8080-exec-9] GET /firestations : [Firestation [address=1509 Culver St, station=3], Firestation [address=29 15th St, station=2], Firestation [address=834 Binoc Ave, station=3], Firestation [address=644 Gershwin Cir, station=1], Firestation [address=748 Townings Dr, station=3], Firestation [address=112 Steppes Pl, station=3], Firestation [address=489 Manchester St, station=4], Firestation [address=892 Downing Ct, station=2], Firestation [address=908 73rd St, station=1], Firestation [address=112 Steppes Pl, station=4], Firestation [address=947 E. Rose Dr, station=1], Firestation [address=748 Townings Dr, station=3], Firestation [address=951 LoneTree Rd, station=2]]
2020-04-28 12:44:16,027 INFO c.s.s.w.c.FirestationController-deleteFirestation [http-nio-8080-exec-10] Delete/firestation=Firestation [address=10 Downing str, station=9]
2020-04-28 12:44:16,030 ERROR c.s.s.w.e.FirestationCanNotBeDeletedException-<init> [http-nio-8080-exec-10] station 9 address 10 Downing str Can not be deleted
